<?xml version="1.0" encoding="UTF-8"?>
<!-- Generated by org.testng.reporters.JUnitXMLReporter -->
<testsuite ignored="0" hostname="Satya" failures="0" tests="3" name="CarLoan" time="0.031" errors="0" timestamp="2025-06-07T22:14:58 IST">
  <testcase classname="test.TestNG_D1_02" name="apiCarLoanLogin" time="0.004"/>
  <testcase classname="test.TestNG_D1_02" name="mobileCarLoanLogin" time="0.004"/>
  <testcase classname="test.TestNG_D1_02" name="webCarLoanLogin" time="0.005"/>
</testsuite> <!-- CarLoan -->
