<?xml version="1.0" encoding="UTF-8"?>
<!-- Generated by org.testng.reporters.JUnitXMLReporter -->
<testsuite ignored="3" hostname="Satya" failures="0" tests="2" name="HomeLoan" time="0.01" errors="0" timestamp="2025-06-07T22:14:58 IST">
  <testcase classname="test.TestNG_D1_03" name="apiHomeLoanLogin" time="0.001"/>
  <testcase classname="test.TestNG_D1_03" name="webHomeLoanLogin" time="0.001"/>
  <testcase classname="test.TestNG_D1_03" name="mobileHomeLoanRestart" time="0.0">
    <ignored/>
  </testcase> <!-- mobileHomeLoanRestart -->
  <testcase classname="test.TestNG_D1_03" name="mobileHomeLoanLogin" time="0.0">
    <ignored/>
  </testcase> <!-- mobileHomeLoanLogin -->
  <testcase classname="test.TestNG_D1_03" name="mobileHomeLoanPay" time="0.0">
    <ignored/>
  </testcase> <!-- mobileHomeLoanPay -->
</testsuite> <!-- HomeLoan -->
