<?xml version="1.0" encoding="UTF-8"?>
<!-- Generated by org.testng.reporters.JUnitXMLReporter -->
<testsuite ignored="0" hostname="Satya" failures="0" tests="5" name="PersonalLoan" time="0.103" errors="0" timestamp="2025-06-07T22:14:58 IST">
  <testcase classname="test.TestNG_D1_01" name="apiPersonalLoanLogin" time="0.012"/>
  <testcase classname="test.TestNG_D1_01" name="mobilePersonalLoanLogin" time="0.005"/>
  <testcase classname="test.TestNG_D1_01" name="mobilePersonalLoanLogin" time="0.006"/>
  <testcase classname="test.TestNG_D1_01" name="mobilePersonalLoanLogin" time="0.003"/>
  <testcase classname="test.TestNG_D1_01" name="webPersonalLoanLogin" time="0.003"/>
</testsuite> <!-- PersonalLoan -->
