<?xml version="1.0" encoding="UTF-8"?>
<testng-results ignored="0" total="1" passed="1" failed="0" skipped="0">
  <reporter-output>
  </reporter-output>
  <suite started-at="2025-06-20T20:38:31 IST" name="Default suite" finished-at="2025-06-20T20:38:37 IST" duration-ms="5631">
    <groups>
    </groups>
    <test started-at="2025-06-20T20:38:31 IST" name="Default test" finished-at="2025-06-20T20:38:37 IST" duration-ms="5631">
      <class name="Satya.ExtentReports.ExtentReportDemo">
        <test-method is-config="true" signature="config()[pri:0, instance:Satya.ExtentReports.ExtentReportDemo@7c6908d7]" started-at="2025-06-20T20:38:31 IST" name="config" finished-at="2025-06-20T20:38:32 IST" duration-ms="158" status="PASS">
          <reporter-output>
          </reporter-output>
        </test-method> <!-- config -->
        <test-method signature="initialDemo()[pri:0, instance:Satya.ExtentReports.ExtentReportDemo@7c6908d7]" started-at="2025-06-20T20:38:32 IST" name="initialDemo" finished-at="2025-06-20T20:38:37 IST" duration-ms="5440" status="PASS">
          <reporter-output>
          </reporter-output>
        </test-method> <!-- initialDemo -->
      </class> <!-- Satya.ExtentReports.ExtentReportDemo -->
    </test> <!-- Default test -->
  </suite> <!-- Default suite -->
</testng-results>
