<?xml version="1.0" encoding="UTF-8"?>
<testng-results ignored="0" total="1" passed="1" failed="0" skipped="0">
  <reporter-output>
  </reporter-output>
  <suite started-at="2025-06-08T01:01:23 IST" name="Default suite" finished-at="2025-06-08T01:01:23 IST" duration-ms="83">
    <groups>
    </groups>
    <test started-at="2025-06-08T01:01:23 IST" name="Default test" finished-at="2025-06-08T01:01:23 IST" duration-ms="83">
      <class name="javaconcept.PS1">
        <test-method is-config="true" signature="beforeRun()[pri:0, instance:javaconcept.PS1@4d5d943d]" started-at="2025-06-08T01:01:23 IST" name="beforeRun" finished-at="2025-06-08T01:01:23 IST" duration-ms="6" status="PASS">
          <reporter-output>
          </reporter-output>
        </test-method> <!-- beforeRun -->
        <test-method signature="run()[pri:0, instance:javaconcept.PS1@4d5d943d]" started-at="2025-06-08T01:01:23 IST" name="run" finished-at="2025-06-08T01:01:23 IST" duration-ms="42" status="PASS">
          <reporter-output>
          </reporter-output>
        </test-method> <!-- run -->
        <test-method is-config="true" signature="afterTest()[pri:0, instance:javaconcept.PS1@4d5d943d]" started-at="2025-06-08T01:01:23 IST" name="afterTest" finished-at="2025-06-08T01:01:23 IST" duration-ms="1" status="PASS">
          <reporter-output>
          </reporter-output>
        </test-method> <!-- afterTest -->
      </class> <!-- javaconcept.PS1 -->
    </test> <!-- Default test -->
  </suite> <!-- Default suite -->
</testng-results>
