<?xml version="1.0" encoding="UTF-8"?>
<testng-results ignored="0" total="2" passed="2" failed="0" skipped="0">
  <reporter-output>
  </reporter-output>
  <suite started-at="2025-07-06T17:45:35 IST" name="Suite" finished-at="2025-07-06T17:45:46 IST" duration-ms="11417">
    <groups>
    </groups>
    <test started-at="2025-07-06T17:45:35 IST" name="Test" finished-at="2025-07-06T17:45:46 IST" duration-ms="11417">
      <class name="server_tests.VisitSiteRahulShetty">
        <test-method signature="homePageChecks()[pri:0, instance:server_tests.VisitSiteRahulShetty@35e2d654]" started-at="2025-07-06T17:45:35 IST" name="homePageChecks" finished-at="2025-07-06T17:45:46 IST" duration-ms="11361" status="PASS">
          <reporter-output>
          </reporter-output>
        </test-method> <!-- homePageChecks -->
      </class> <!-- server_tests.VisitSiteRahulShetty -->
      <class name="server_tests.ServerTest">
        <test-method signature="homePageCheck()[pri:0, instance:server_tests.ServerTest@59662a0b]" started-at="2025-07-06T17:45:35 IST" name="homePageCheck" finished-at="2025-07-06T17:45:42 IST" duration-ms="6734" status="PASS">
          <reporter-output>
          </reporter-output>
        </test-method> <!-- homePageCheck -->
      </class> <!-- server_tests.ServerTest -->
    </test> <!-- Test -->
  </suite> <!-- Suite -->
</testng-results>
