<?xml version="1.0" encoding="UTF-8"?>
<!-- Generated by org.testng.reporters.JUnitXMLReporter -->
<testsuite ignored="0" hostname="Satya" failures="0" tests="2" name="ErrorValidationTest" time="14.927" errors="0" timestamp="2025-06-25T20:13:43 IST">
  <testcase classname="SatyasSeleniumSuite.SeleniumFrameworkDesigns.e2e.ErrorValidation" name="loginAndvalidateError" time="1.049"/>
  <testcase classname="SatyasSeleniumSuite.SeleniumFrameworkDesigns.e2e.ErrorValidation" name="productErrorValidation" time="4.772"/>
</testsuite> <!-- ErrorValidationTest -->
