<?xml version="1.0" encoding="UTF-8"?>
<!-- Generated by org.testng.reporters.JUnitXMLReporter -->
<testsuite ignored="0" hostname="Satya" failures="0" tests="2" name="SubmitOrderTest" time="18.175" errors="0" timestamp="2025-06-25T20:13:28 IST">
  <testcase classname="SatyasSeleniumSuite.SeleniumFrameworkDesigns.e2e.StandAloneJsonImplemented" name="submitOrder" time="4.833"/>
  <testcase classname="SatyasSeleniumSuite.SeleniumFrameworkDesigns.e2e.StandAloneJsonImplemented" name="submitOrder" time="4.638"/>
</testsuite> <!-- SubmitOrderTest -->
