<?xml version="1.0" encoding="UTF-8"?>
<!-- Generated by org.testng.reporters.JUnitXMLReporter -->
<testsuite ignored="0" hostname="Satya" failures="0" tests="3" name="PersonalLoan" time="0.058" errors="0" timestamp="2025-06-07T17:26:55 IST">
  <testcase classname="test.TestNG_D1_01" name="mobilePersonalLoanLogin" time="0.011"/>
  <testcase classname="test.TestNG_D1_01" name="webPersonalLoanLogin" time="0.003"/>
  <testcase classname="test.TestNG_D1_01" name="apiPersonalLoanLogin" time="0.001"/>
</testsuite> <!-- PersonalLoan -->
